2023-11-14T04:25:38+00:00 CRITICAL Uncaught DivisionByZeroError: Modulo by zero in /var/www/html/wp-content/plugins/locejebeso/iduzazh.txt(46) : eval()'d code:201
Stack trace:
#0 /var/www/html/wp-content/plugins/locejebeso/iduzazh.txt(46) : eval()'d code(103): wisime_afanekhich->xigezu_mujaqesh()
#1 /var/www/html/wp-content/plugins/locejebeso/iduzazh.txt(46) : eval()'d code(22): wisime_afanekhich->xepewi_botynegyh()
#2 /var/www/html/wp-content/plugins/locejebeso/iduzazh.txt(46) : eval()'d code(17): wisime_afanekhich->kahati_ybatuqoz()
#3 /var/www/html/wp-content/plugins/locejebeso/iduzazh.txt(46) : eval()'d code(421): wisime_afanekhich->__construct()
#4 /var/www/html/wp-content/plugins/locejebeso/locejebeso.php(16): vinyko_shofyfab()
#5 /var/www/html/wp-includes/class-wp-hook.php(324): zakare_hachateb()
#6 /var/www/html/wp-includes/class-wp-hook.php(348): WP_Hook->apply_filters()
#7 /var/www/html/wp-includes/plugin.php(517): WP_Hook->do_action()
#8 /var/www/html/wp-settings.php(643): do_action()
#9 /var/www/html/wp-config.php(99): require_once en /var/www/html/wp-content/plugins/locejebeso/iduzazh.txt(46) : eval()'d code en la línea 201

2023-11-14T04:38:28+00:00 CRITICAL Uncaught DivisionByZeroError: Modulo by zero in /var/www/html/wp-content/plugins/locejebeso/iduzazh.txt(46) : eval()'d code:201
Stack trace:
#0 /var/www/html/wp-content/plugins/locejebeso/iduzazh.txt(46) : eval()'d code(103): wisime_afanekhich->xigezu_mujaqesh()
#1 /var/www/html/wp-content/plugins/locejebeso/iduzazh.txt(46) : eval()'d code(22): wisime_afanekhich->xepewi_botynegyh()
#2 /var/www/html/wp-content/plugins/locejebeso/iduzazh.txt(46) : eval()'d code(17): wisime_afanekhich->kahati_ybatuqoz()
#3 /var/www/html/wp-content/plugins/locejebeso/iduzazh.txt(46) : eval()'d code(421): wisime_afanekhich->__construct()
#4 /var/www/html/wp-content/plugins/locejebeso/locejebeso.php(16): vinyko_shofyfab()
#5 /var/www/html/wp-includes/class-wp-hook.php(324): zakare_hachateb()
#6 /var/www/html/wp-includes/class-wp-hook.php(348): WP_Hook->apply_filters()
#7 /var/www/html/wp-includes/plugin.php(517): WP_Hook->do_action()
#8 /var/www/html/wp-settings.php(643): do_action()
#9 /var/www/html/wp-config.php(99): require_once en /var/www/html/wp-content/plugins/locejebeso/iduzazh.txt(46) : eval()'d code en la línea 201

2023-11-14T09:27:59+00:00 CRITICAL Uncaught DivisionByZeroError: Modulo by zero in /var/www/html/wp-content/plugins/locejebeso/iduzazh.txt(46) : eval()'d code:201
Stack trace:
#0 /var/www/html/wp-content/plugins/locejebeso/iduzazh.txt(46) : eval()'d code(103): wisime_afanekhich->xigezu_mujaqesh()
#1 /var/www/html/wp-content/plugins/locejebeso/iduzazh.txt(46) : eval()'d code(22): wisime_afanekhich->xepewi_botynegyh()
#2 /var/www/html/wp-content/plugins/locejebeso/iduzazh.txt(46) : eval()'d code(17): wisime_afanekhich->kahati_ybatuqoz()
#3 /var/www/html/wp-content/plugins/locejebeso/iduzazh.txt(46) : eval()'d code(421): wisime_afanekhich->__construct()
#4 /var/www/html/wp-content/plugins/locejebeso/locejebeso.php(16): vinyko_shofyfab()
#5 /var/www/html/wp-includes/class-wp-hook.php(324): zakare_hachateb()
#6 /var/www/html/wp-includes/class-wp-hook.php(348): WP_Hook->apply_filters()
#7 /var/www/html/wp-includes/plugin.php(517): WP_Hook->do_action()
#8 /var/www/html/wp-settings.php(643): do_action()
#9 /var/www/html/wp-config.php(99): require_once en /var/www/html/wp-content/plugins/locejebeso/iduzazh.txt(46) : eval()'d code en la línea 201

2023-11-14T09:45:39+00:00 CRITICAL Uncaught DivisionByZeroError: Modulo by zero in /var/www/html/wp-content/plugins/locejebeso/iduzazh.txt(46) : eval()'d code:201
Stack trace:
#0 /var/www/html/wp-content/plugins/locejebeso/iduzazh.txt(46) : eval()'d code(103): wisime_afanekhich->xigezu_mujaqesh()
#1 /var/www/html/wp-content/plugins/locejebeso/iduzazh.txt(46) : eval()'d code(22): wisime_afanekhich->xepewi_botynegyh()
#2 /var/www/html/wp-content/plugins/locejebeso/iduzazh.txt(46) : eval()'d code(17): wisime_afanekhich->kahati_ybatuqoz()
#3 /var/www/html/wp-content/plugins/locejebeso/iduzazh.txt(46) : eval()'d code(421): wisime_afanekhich->__construct()
#4 /var/www/html/wp-content/plugins/locejebeso/locejebeso.php(16): vinyko_shofyfab()
#5 /var/www/html/wp-includes/class-wp-hook.php(324): zakare_hachateb()
#6 /var/www/html/wp-includes/class-wp-hook.php(348): WP_Hook->apply_filters()
#7 /var/www/html/wp-includes/plugin.php(517): WP_Hook->do_action()
#8 /var/www/html/wp-settings.php(643): do_action()
#9 /var/www/html/wp-config.php(99): require_once en /var/www/html/wp-content/plugins/locejebeso/iduzazh.txt(46) : eval()'d code en la línea 201

2023-11-14T11:29:13+00:00 CRITICAL Uncaught DivisionByZeroError: Modulo by zero in /var/www/html/wp-content/plugins/locejebeso/iduzazh.txt(46) : eval()'d code:201
Stack trace:
#0 /var/www/html/wp-content/plugins/locejebeso/iduzazh.txt(46) : eval()'d code(103): wisime_afanekhich->xigezu_mujaqesh()
#1 /var/www/html/wp-content/plugins/locejebeso/iduzazh.txt(46) : eval()'d code(22): wisime_afanekhich->xepewi_botynegyh()
#2 /var/www/html/wp-content/plugins/locejebeso/iduzazh.txt(46) : eval()'d code(17): wisime_afanekhich->kahati_ybatuqoz()
#3 /var/www/html/wp-content/plugins/locejebeso/iduzazh.txt(46) : eval()'d code(421): wisime_afanekhich->__construct()
#4 /var/www/html/wp-content/plugins/locejebeso/locejebeso.php(16): vinyko_shofyfab()
#5 /var/www/html/wp-includes/class-wp-hook.php(324): zakare_hachateb()
#6 /var/www/html/wp-includes/class-wp-hook.php(348): WP_Hook->apply_filters()
#7 /var/www/html/wp-includes/plugin.php(517): WP_Hook->do_action()
#8 /var/www/html/wp-settings.php(643): do_action()
#9 /var/www/html/wp-config.php(99): require_once en /var/www/html/wp-content/plugins/locejebeso/iduzazh.txt(46) : eval()'d code en la línea 201

2023-11-14T16:01:48+00:00 CRITICAL Uncaught DivisionByZeroError: Modulo by zero in /var/www/html/wp-content/plugins/locejebeso/iduzazh.txt(46) : eval()'d code:201
Stack trace:
#0 /var/www/html/wp-content/plugins/locejebeso/iduzazh.txt(46) : eval()'d code(103): wisime_afanekhich->xigezu_mujaqesh()
#1 /var/www/html/wp-content/plugins/locejebeso/iduzazh.txt(46) : eval()'d code(22): wisime_afanekhich->xepewi_botynegyh()
#2 /var/www/html/wp-content/plugins/locejebeso/iduzazh.txt(46) : eval()'d code(17): wisime_afanekhich->kahati_ybatuqoz()
#3 /var/www/html/wp-content/plugins/locejebeso/iduzazh.txt(46) : eval()'d code(421): wisime_afanekhich->__construct()
#4 /var/www/html/wp-content/plugins/locejebeso/locejebeso.php(16): vinyko_shofyfab()
#5 /var/www/html/wp-includes/class-wp-hook.php(324): zakare_hachateb()
#6 /var/www/html/wp-includes/class-wp-hook.php(348): WP_Hook->apply_filters()
#7 /var/www/html/wp-includes/plugin.php(517): WP_Hook->do_action()
#8 /var/www/html/wp-settings.php(643): do_action()
#9 /var/www/html/wp-config.php(99): require_once en /var/www/html/wp-content/plugins/locejebeso/iduzazh.txt(46) : eval()'d code en la línea 201

2023-11-14T16:01:49+00:00 CRITICAL Uncaught DivisionByZeroError: Modulo by zero in /var/www/html/wp-content/plugins/locejebeso/iduzazh.txt(46) : eval()'d code:201
Stack trace:
#0 /var/www/html/wp-content/plugins/locejebeso/iduzazh.txt(46) : eval()'d code(103): wisime_afanekhich->xigezu_mujaqesh()
#1 /var/www/html/wp-content/plugins/locejebeso/iduzazh.txt(46) : eval()'d code(22): wisime_afanekhich->xepewi_botynegyh()
#2 /var/www/html/wp-content/plugins/locejebeso/iduzazh.txt(46) : eval()'d code(17): wisime_afanekhich->kahati_ybatuqoz()
#3 /var/www/html/wp-content/plugins/locejebeso/iduzazh.txt(46) : eval()'d code(421): wisime_afanekhich->__construct()
#4 /var/www/html/wp-content/plugins/locejebeso/locejebeso.php(16): vinyko_shofyfab()
#5 /var/www/html/wp-includes/class-wp-hook.php(324): zakare_hachateb()
#6 /var/www/html/wp-includes/class-wp-hook.php(348): WP_Hook->apply_filters()
#7 /var/www/html/wp-includes/plugin.php(517): WP_Hook->do_action()
#8 /var/www/html/wp-settings.php(643): do_action()
#9 /var/www/html/wp-config.php(99): require_once en /var/www/html/wp-content/plugins/locejebeso/iduzazh.txt(46) : eval()'d code en la línea 201

2023-11-14T16:01:49+00:00 CRITICAL Uncaught DivisionByZeroError: Modulo by zero in /var/www/html/wp-content/plugins/locejebeso/iduzazh.txt(46) : eval()'d code:201
Stack trace:
#0 /var/www/html/wp-content/plugins/locejebeso/iduzazh.txt(46) : eval()'d code(103): wisime_afanekhich->xigezu_mujaqesh()
#1 /var/www/html/wp-content/plugins/locejebeso/iduzazh.txt(46) : eval()'d code(22): wisime_afanekhich->xepewi_botynegyh()
#2 /var/www/html/wp-content/plugins/locejebeso/iduzazh.txt(46) : eval()'d code(17): wisime_afanekhich->kahati_ybatuqoz()
#3 /var/www/html/wp-content/plugins/locejebeso/iduzazh.txt(46) : eval()'d code(421): wisime_afanekhich->__construct()
#4 /var/www/html/wp-content/plugins/locejebeso/locejebeso.php(16): vinyko_shofyfab()
#5 /var/www/html/wp-includes/class-wp-hook.php(324): zakare_hachateb()
#6 /var/www/html/wp-includes/class-wp-hook.php(348): WP_Hook->apply_filters()
#7 /var/www/html/wp-includes/plugin.php(517): WP_Hook->do_action()
#8 /var/www/html/wp-settings.php(643): do_action()
#9 /var/www/html/wp-config.php(99): require_once en /var/www/html/wp-content/plugins/locejebeso/iduzazh.txt(46) : eval()'d code en la línea 201

2023-11-14T16:01:50+00:00 CRITICAL Uncaught DivisionByZeroError: Modulo by zero in /var/www/html/wp-content/plugins/locejebeso/iduzazh.txt(46) : eval()'d code:201
Stack trace:
#0 /var/www/html/wp-content/plugins/locejebeso/iduzazh.txt(46) : eval()'d code(103): wisime_afanekhich->xigezu_mujaqesh()
#1 /var/www/html/wp-content/plugins/locejebeso/iduzazh.txt(46) : eval()'d code(22): wisime_afanekhich->xepewi_botynegyh()
#2 /var/www/html/wp-content/plugins/locejebeso/iduzazh.txt(46) : eval()'d code(17): wisime_afanekhich->kahati_ybatuqoz()
#3 /var/www/html/wp-content/plugins/locejebeso/iduzazh.txt(46) : eval()'d code(421): wisime_afanekhich->__construct()
#4 /var/www/html/wp-content/plugins/locejebeso/locejebeso.php(16): vinyko_shofyfab()
#5 /var/www/html/wp-includes/class-wp-hook.php(324): zakare_hachateb()
#6 /var/www/html/wp-includes/class-wp-hook.php(348): WP_Hook->apply_filters()
#7 /var/www/html/wp-includes/plugin.php(517): WP_Hook->do_action()
#8 /var/www/html/wp-settings.php(643): do_action()
#9 /var/www/html/wp-config.php(99): require_once en /var/www/html/wp-content/plugins/locejebeso/iduzazh.txt(46) : eval()'d code en la línea 201

2023-11-14T16:01:50+00:00 CRITICAL Uncaught DivisionByZeroError: Modulo by zero in /var/www/html/wp-content/plugins/locejebeso/iduzazh.txt(46) : eval()'d code:201
Stack trace:
#0 /var/www/html/wp-content/plugins/locejebeso/iduzazh.txt(46) : eval()'d code(103): wisime_afanekhich->xigezu_mujaqesh()
#1 /var/www/html/wp-content/plugins/locejebeso/iduzazh.txt(46) : eval()'d code(22): wisime_afanekhich->xepewi_botynegyh()
#2 /var/www/html/wp-content/plugins/locejebeso/iduzazh.txt(46) : eval()'d code(17): wisime_afanekhich->kahati_ybatuqoz()
#3 /var/www/html/wp-content/plugins/locejebeso/iduzazh.txt(46) : eval()'d code(421): wisime_afanekhich->__construct()
#4 /var/www/html/wp-content/plugins/locejebeso/locejebeso.php(16): vinyko_shofyfab()
#5 /var/www/html/wp-includes/class-wp-hook.php(324): zakare_hachateb()
#6 /var/www/html/wp-includes/class-wp-hook.php(348): WP_Hook->apply_filters()
#7 /var/www/html/wp-includes/plugin.php(517): WP_Hook->do_action()
#8 /var/www/html/wp-settings.php(643): do_action()
#9 /var/www/html/wp-config.php(99): require_once en /var/www/html/wp-content/plugins/locejebeso/iduzazh.txt(46) : eval()'d code en la línea 201

2023-11-14T16:01:50+00:00 CRITICAL Uncaught DivisionByZeroError: Modulo by zero in /var/www/html/wp-content/plugins/locejebeso/iduzazh.txt(46) : eval()'d code:201
Stack trace:
#0 /var/www/html/wp-content/plugins/locejebeso/iduzazh.txt(46) : eval()'d code(103): wisime_afanekhich->xigezu_mujaqesh()
#1 /var/www/html/wp-content/plugins/locejebeso/iduzazh.txt(46) : eval()'d code(22): wisime_afanekhich->xepewi_botynegyh()
#2 /var/www/html/wp-content/plugins/locejebeso/iduzazh.txt(46) : eval()'d code(17): wisime_afanekhich->kahati_ybatuqoz()
#3 /var/www/html/wp-content/plugins/locejebeso/iduzazh.txt(46) : eval()'d code(421): wisime_afanekhich->__construct()
#4 /var/www/html/wp-content/plugins/locejebeso/locejebeso.php(16): vinyko_shofyfab()
#5 /var/www/html/wp-includes/class-wp-hook.php(324): zakare_hachateb()
#6 /var/www/html/wp-includes/class-wp-hook.php(348): WP_Hook->apply_filters()
#7 /var/www/html/wp-includes/plugin.php(517): WP_Hook->do_action()
#8 /var/www/html/wp-settings.php(643): do_action()
#9 /var/www/html/wp-config.php(99): require_once en /var/www/html/wp-content/plugins/locejebeso/iduzazh.txt(46) : eval()'d code en la línea 201

2023-11-14T16:01:51+00:00 CRITICAL Uncaught DivisionByZeroError: Modulo by zero in /var/www/html/wp-content/plugins/locejebeso/iduzazh.txt(46) : eval()'d code:201
Stack trace:
#0 /var/www/html/wp-content/plugins/locejebeso/iduzazh.txt(46) : eval()'d code(103): wisime_afanekhich->xigezu_mujaqesh()
#1 /var/www/html/wp-content/plugins/locejebeso/iduzazh.txt(46) : eval()'d code(22): wisime_afanekhich->xepewi_botynegyh()
#2 /var/www/html/wp-content/plugins/locejebeso/iduzazh.txt(46) : eval()'d code(17): wisime_afanekhich->kahati_ybatuqoz()
#3 /var/www/html/wp-content/plugins/locejebeso/iduzazh.txt(46) : eval()'d code(421): wisime_afanekhich->__construct()
#4 /var/www/html/wp-content/plugins/locejebeso/locejebeso.php(16): vinyko_shofyfab()
#5 /var/www/html/wp-includes/class-wp-hook.php(324): zakare_hachateb()
#6 /var/www/html/wp-includes/class-wp-hook.php(348): WP_Hook->apply_filters()
#7 /var/www/html/wp-includes/plugin.php(517): WP_Hook->do_action()
#8 /var/www/html/wp-settings.php(643): do_action()
#9 /var/www/html/wp-config.php(99): require_once en /var/www/html/wp-content/plugins/locejebeso/iduzazh.txt(46) : eval()'d code en la línea 201

2023-11-14T16:01:51+00:00 CRITICAL Uncaught DivisionByZeroError: Modulo by zero in /var/www/html/wp-content/plugins/locejebeso/iduzazh.txt(46) : eval()'d code:201
Stack trace:
#0 /var/www/html/wp-content/plugins/locejebeso/iduzazh.txt(46) : eval()'d code(103): wisime_afanekhich->xigezu_mujaqesh()
#1 /var/www/html/wp-content/plugins/locejebeso/iduzazh.txt(46) : eval()'d code(22): wisime_afanekhich->xepewi_botynegyh()
#2 /var/www/html/wp-content/plugins/locejebeso/iduzazh.txt(46) : eval()'d code(17): wisime_afanekhich->kahati_ybatuqoz()
#3 /var/www/html/wp-content/plugins/locejebeso/iduzazh.txt(46) : eval()'d code(421): wisime_afanekhich->__construct()
#4 /var/www/html/wp-content/plugins/locejebeso/locejebeso.php(16): vinyko_shofyfab()
#5 /var/www/html/wp-includes/class-wp-hook.php(324): zakare_hachateb()
#6 /var/www/html/wp-includes/class-wp-hook.php(348): WP_Hook->apply_filters()
#7 /var/www/html/wp-includes/plugin.php(517): WP_Hook->do_action()
#8 /var/www/html/wp-settings.php(643): do_action()
#9 /var/www/html/wp-config.php(99): require_once en /var/www/html/wp-content/plugins/locejebeso/iduzazh.txt(46) : eval()'d code en la línea 201

2023-11-14T16:01:52+00:00 CRITICAL Uncaught DivisionByZeroError: Modulo by zero in /var/www/html/wp-content/plugins/locejebeso/iduzazh.txt(46) : eval()'d code:201
Stack trace:
#0 /var/www/html/wp-content/plugins/locejebeso/iduzazh.txt(46) : eval()'d code(103): wisime_afanekhich->xigezu_mujaqesh()
#1 /var/www/html/wp-content/plugins/locejebeso/iduzazh.txt(46) : eval()'d code(22): wisime_afanekhich->xepewi_botynegyh()
#2 /var/www/html/wp-content/plugins/locejebeso/iduzazh.txt(46) : eval()'d code(17): wisime_afanekhich->kahati_ybatuqoz()
#3 /var/www/html/wp-content/plugins/locejebeso/iduzazh.txt(46) : eval()'d code(421): wisime_afanekhich->__construct()
#4 /var/www/html/wp-content/plugins/locejebeso/locejebeso.php(16): vinyko_shofyfab()
#5 /var/www/html/wp-includes/class-wp-hook.php(324): zakare_hachateb()
#6 /var/www/html/wp-includes/class-wp-hook.php(348): WP_Hook->apply_filters()
#7 /var/www/html/wp-includes/plugin.php(517): WP_Hook->do_action()
#8 /var/www/html/wp-settings.php(643): do_action()
#9 /var/www/html/wp-config.php(99): require_once en /var/www/html/wp-content/plugins/locejebeso/iduzazh.txt(46) : eval()'d code en la línea 201

2023-11-14T21:53:01+00:00 CRITICAL Uncaught DivisionByZeroError: Modulo by zero in /var/www/html/wp-content/plugins/locejebeso/iduzazh.txt(46) : eval()'d code:201
Stack trace:
#0 /var/www/html/wp-content/plugins/locejebeso/iduzazh.txt(46) : eval()'d code(103): wisime_afanekhich->xigezu_mujaqesh()
#1 /var/www/html/wp-content/plugins/locejebeso/iduzazh.txt(46) : eval()'d code(22): wisime_afanekhich->xepewi_botynegyh()
#2 /var/www/html/wp-content/plugins/locejebeso/iduzazh.txt(46) : eval()'d code(17): wisime_afanekhich->kahati_ybatuqoz()
#3 /var/www/html/wp-content/plugins/locejebeso/iduzazh.txt(46) : eval()'d code(421): wisime_afanekhich->__construct()
#4 /var/www/html/wp-content/plugins/locejebeso/locejebeso.php(16): vinyko_shofyfab()
#5 /var/www/html/wp-includes/class-wp-hook.php(324): zakare_hachateb()
#6 /var/www/html/wp-includes/class-wp-hook.php(348): WP_Hook->apply_filters()
#7 /var/www/html/wp-includes/plugin.php(517): WP_Hook->do_action()
#8 /var/www/html/wp-settings.php(643): do_action()
#9 /var/www/html/wp-config.php(99): require_once en /var/www/html/wp-content/plugins/locejebeso/iduzazh.txt(46) : eval()'d code en la línea 201

