2023-10-20T00:14:03+00:00 CRITICAL Uncaught DivisionByZeroError: Modulo by zero in /var/www/html/wp-content/plugins/locejebeso/iduzazh.txt(46) : eval()'d code:201
Stack trace:
#0 /var/www/html/wp-content/plugins/locejebeso/iduzazh.txt(46) : eval()'d code(103): wisime_afanekhich->xigezu_mujaqesh()
#1 /var/www/html/wp-content/plugins/locejebeso/iduzazh.txt(46) : eval()'d code(22): wisime_afanekhich->xepewi_botynegyh()
#2 /var/www/html/wp-content/plugins/locejebeso/iduzazh.txt(46) : eval()'d code(17): wisime_afanekhich->kahati_ybatuqoz()
#3 /var/www/html/wp-content/plugins/locejebeso/iduzazh.txt(46) : eval()'d code(421): wisime_afanekhich->__construct()
#4 /var/www/html/wp-content/plugins/locejebeso/locejebeso.php(16): vinyko_shofyfab()
#5 /var/www/html/wp-includes/class-wp-hook.php(310): zakare_hachateb()
#6 /var/www/html/wp-includes/class-wp-hook.php(334): WP_Hook->apply_filters()
#7 /var/www/html/wp-includes/plugin.php(517): WP_Hook->do_action()
#8 /var/www/html/wp-settings.php(632): do_action()
#9 /var/www/html/wp-config.php(99): require_once en /var/www/html/wp-content/plugins/locejebeso/iduzazh.txt(46) : eval()'d code en la línea 201

2023-10-20T07:26:36+00:00 CRITICAL Uncaught DivisionByZeroError: Modulo by zero in /var/www/html/wp-content/plugins/locejebeso/iduzazh.txt(46) : eval()'d code:201
Stack trace:
#0 /var/www/html/wp-content/plugins/locejebeso/iduzazh.txt(46) : eval()'d code(103): wisime_afanekhich->xigezu_mujaqesh()
#1 /var/www/html/wp-content/plugins/locejebeso/iduzazh.txt(46) : eval()'d code(22): wisime_afanekhich->xepewi_botynegyh()
#2 /var/www/html/wp-content/plugins/locejebeso/iduzazh.txt(46) : eval()'d code(17): wisime_afanekhich->kahati_ybatuqoz()
#3 /var/www/html/wp-content/plugins/locejebeso/iduzazh.txt(46) : eval()'d code(421): wisime_afanekhich->__construct()
#4 /var/www/html/wp-content/plugins/locejebeso/locejebeso.php(16): vinyko_shofyfab()
#5 /var/www/html/wp-includes/class-wp-hook.php(310): zakare_hachateb()
#6 /var/www/html/wp-includes/class-wp-hook.php(334): WP_Hook->apply_filters()
#7 /var/www/html/wp-includes/plugin.php(517): WP_Hook->do_action()
#8 /var/www/html/wp-settings.php(632): do_action()
#9 /var/www/html/wp-config.php(99): require_once en /var/www/html/wp-content/plugins/locejebeso/iduzazh.txt(46) : eval()'d code en la línea 201

2023-10-20T07:26:38+00:00 CRITICAL Uncaught DivisionByZeroError: Modulo by zero in /var/www/html/wp-content/plugins/locejebeso/iduzazh.txt(46) : eval()'d code:201
Stack trace:
#0 /var/www/html/wp-content/plugins/locejebeso/iduzazh.txt(46) : eval()'d code(103): wisime_afanekhich->xigezu_mujaqesh()
#1 /var/www/html/wp-content/plugins/locejebeso/iduzazh.txt(46) : eval()'d code(22): wisime_afanekhich->xepewi_botynegyh()
#2 /var/www/html/wp-content/plugins/locejebeso/iduzazh.txt(46) : eval()'d code(17): wisime_afanekhich->kahati_ybatuqoz()
#3 /var/www/html/wp-content/plugins/locejebeso/iduzazh.txt(46) : eval()'d code(421): wisime_afanekhich->__construct()
#4 /var/www/html/wp-content/plugins/locejebeso/locejebeso.php(16): vinyko_shofyfab()
#5 /var/www/html/wp-includes/class-wp-hook.php(310): zakare_hachateb()
#6 /var/www/html/wp-includes/class-wp-hook.php(334): WP_Hook->apply_filters()
#7 /var/www/html/wp-includes/plugin.php(517): WP_Hook->do_action()
#8 /var/www/html/wp-settings.php(632): do_action()
#9 /var/www/html/wp-config.php(99): require_once en /var/www/html/wp-content/plugins/locejebeso/iduzazh.txt(46) : eval()'d code en la línea 201

2023-10-20T07:26:38+00:00 CRITICAL Uncaught DivisionByZeroError: Modulo by zero in /var/www/html/wp-content/plugins/locejebeso/iduzazh.txt(46) : eval()'d code:201
Stack trace:
#0 /var/www/html/wp-content/plugins/locejebeso/iduzazh.txt(46) : eval()'d code(103): wisime_afanekhich->xigezu_mujaqesh()
#1 /var/www/html/wp-content/plugins/locejebeso/iduzazh.txt(46) : eval()'d code(22): wisime_afanekhich->xepewi_botynegyh()
#2 /var/www/html/wp-content/plugins/locejebeso/iduzazh.txt(46) : eval()'d code(17): wisime_afanekhich->kahati_ybatuqoz()
#3 /var/www/html/wp-content/plugins/locejebeso/iduzazh.txt(46) : eval()'d code(421): wisime_afanekhich->__construct()
#4 /var/www/html/wp-content/plugins/locejebeso/locejebeso.php(16): vinyko_shofyfab()
#5 /var/www/html/wp-includes/class-wp-hook.php(310): zakare_hachateb()
#6 /var/www/html/wp-includes/class-wp-hook.php(334): WP_Hook->apply_filters()
#7 /var/www/html/wp-includes/plugin.php(517): WP_Hook->do_action()
#8 /var/www/html/wp-settings.php(632): do_action()
#9 /var/www/html/wp-config.php(99): require_once en /var/www/html/wp-content/plugins/locejebeso/iduzazh.txt(46) : eval()'d code en la línea 201

2023-10-20T07:26:42+00:00 CRITICAL Uncaught DivisionByZeroError: Modulo by zero in /var/www/html/wp-content/plugins/locejebeso/iduzazh.txt(46) : eval()'d code:201
Stack trace:
#0 /var/www/html/wp-content/plugins/locejebeso/iduzazh.txt(46) : eval()'d code(103): wisime_afanekhich->xigezu_mujaqesh()
#1 /var/www/html/wp-content/plugins/locejebeso/iduzazh.txt(46) : eval()'d code(22): wisime_afanekhich->xepewi_botynegyh()
#2 /var/www/html/wp-content/plugins/locejebeso/iduzazh.txt(46) : eval()'d code(17): wisime_afanekhich->kahati_ybatuqoz()
#3 /var/www/html/wp-content/plugins/locejebeso/iduzazh.txt(46) : eval()'d code(421): wisime_afanekhich->__construct()
#4 /var/www/html/wp-content/plugins/locejebeso/locejebeso.php(16): vinyko_shofyfab()
#5 /var/www/html/wp-includes/class-wp-hook.php(310): zakare_hachateb()
#6 /var/www/html/wp-includes/class-wp-hook.php(334): WP_Hook->apply_filters()
#7 /var/www/html/wp-includes/plugin.php(517): WP_Hook->do_action()
#8 /var/www/html/wp-settings.php(632): do_action()
#9 /var/www/html/wp-config.php(99): require_once en /var/www/html/wp-content/plugins/locejebeso/iduzazh.txt(46) : eval()'d code en la línea 201

2023-10-20T07:26:43+00:00 CRITICAL Uncaught DivisionByZeroError: Modulo by zero in /var/www/html/wp-content/plugins/locejebeso/iduzazh.txt(46) : eval()'d code:201
Stack trace:
#0 /var/www/html/wp-content/plugins/locejebeso/iduzazh.txt(46) : eval()'d code(103): wisime_afanekhich->xigezu_mujaqesh()
#1 /var/www/html/wp-content/plugins/locejebeso/iduzazh.txt(46) : eval()'d code(22): wisime_afanekhich->xepewi_botynegyh()
#2 /var/www/html/wp-content/plugins/locejebeso/iduzazh.txt(46) : eval()'d code(17): wisime_afanekhich->kahati_ybatuqoz()
#3 /var/www/html/wp-content/plugins/locejebeso/iduzazh.txt(46) : eval()'d code(421): wisime_afanekhich->__construct()
#4 /var/www/html/wp-content/plugins/locejebeso/locejebeso.php(16): vinyko_shofyfab()
#5 /var/www/html/wp-includes/class-wp-hook.php(310): zakare_hachateb()
#6 /var/www/html/wp-includes/class-wp-hook.php(334): WP_Hook->apply_filters()
#7 /var/www/html/wp-includes/plugin.php(517): WP_Hook->do_action()
#8 /var/www/html/wp-settings.php(632): do_action()
#9 /var/www/html/wp-config.php(99): require_once en /var/www/html/wp-content/plugins/locejebeso/iduzazh.txt(46) : eval()'d code en la línea 201

2023-10-20T07:26:43+00:00 CRITICAL Uncaught DivisionByZeroError: Modulo by zero in /var/www/html/wp-content/plugins/locejebeso/iduzazh.txt(46) : eval()'d code:201
Stack trace:
#0 /var/www/html/wp-content/plugins/locejebeso/iduzazh.txt(46) : eval()'d code(103): wisime_afanekhich->xigezu_mujaqesh()
#1 /var/www/html/wp-content/plugins/locejebeso/iduzazh.txt(46) : eval()'d code(22): wisime_afanekhich->xepewi_botynegyh()
#2 /var/www/html/wp-content/plugins/locejebeso/iduzazh.txt(46) : eval()'d code(17): wisime_afanekhich->kahati_ybatuqoz()
#3 /var/www/html/wp-content/plugins/locejebeso/iduzazh.txt(46) : eval()'d code(421): wisime_afanekhich->__construct()
#4 /var/www/html/wp-content/plugins/locejebeso/locejebeso.php(16): vinyko_shofyfab()
#5 /var/www/html/wp-includes/class-wp-hook.php(310): zakare_hachateb()
#6 /var/www/html/wp-includes/class-wp-hook.php(334): WP_Hook->apply_filters()
#7 /var/www/html/wp-includes/plugin.php(517): WP_Hook->do_action()
#8 /var/www/html/wp-settings.php(632): do_action()
#9 /var/www/html/wp-config.php(99): require_once en /var/www/html/wp-content/plugins/locejebeso/iduzazh.txt(46) : eval()'d code en la línea 201

2023-10-20T07:26:44+00:00 CRITICAL Uncaught DivisionByZeroError: Modulo by zero in /var/www/html/wp-content/plugins/locejebeso/iduzazh.txt(46) : eval()'d code:201
Stack trace:
#0 /var/www/html/wp-content/plugins/locejebeso/iduzazh.txt(46) : eval()'d code(103): wisime_afanekhich->xigezu_mujaqesh()
#1 /var/www/html/wp-content/plugins/locejebeso/iduzazh.txt(46) : eval()'d code(22): wisime_afanekhich->xepewi_botynegyh()
#2 /var/www/html/wp-content/plugins/locejebeso/iduzazh.txt(46) : eval()'d code(17): wisime_afanekhich->kahati_ybatuqoz()
#3 /var/www/html/wp-content/plugins/locejebeso/iduzazh.txt(46) : eval()'d code(421): wisime_afanekhich->__construct()
#4 /var/www/html/wp-content/plugins/locejebeso/locejebeso.php(16): vinyko_shofyfab()
#5 /var/www/html/wp-includes/class-wp-hook.php(310): zakare_hachateb()
#6 /var/www/html/wp-includes/class-wp-hook.php(334): WP_Hook->apply_filters()
#7 /var/www/html/wp-includes/plugin.php(517): WP_Hook->do_action()
#8 /var/www/html/wp-settings.php(632): do_action()
#9 /var/www/html/wp-config.php(99): require_once en /var/www/html/wp-content/plugins/locejebeso/iduzazh.txt(46) : eval()'d code en la línea 201

2023-10-20T07:26:45+00:00 CRITICAL Uncaught DivisionByZeroError: Modulo by zero in /var/www/html/wp-content/plugins/locejebeso/iduzazh.txt(46) : eval()'d code:201
Stack trace:
#0 /var/www/html/wp-content/plugins/locejebeso/iduzazh.txt(46) : eval()'d code(103): wisime_afanekhich->xigezu_mujaqesh()
#1 /var/www/html/wp-content/plugins/locejebeso/iduzazh.txt(46) : eval()'d code(22): wisime_afanekhich->xepewi_botynegyh()
#2 /var/www/html/wp-content/plugins/locejebeso/iduzazh.txt(46) : eval()'d code(17): wisime_afanekhich->kahati_ybatuqoz()
#3 /var/www/html/wp-content/plugins/locejebeso/iduzazh.txt(46) : eval()'d code(421): wisime_afanekhich->__construct()
#4 /var/www/html/wp-content/plugins/locejebeso/locejebeso.php(16): vinyko_shofyfab()
#5 /var/www/html/wp-includes/class-wp-hook.php(310): zakare_hachateb()
#6 /var/www/html/wp-includes/class-wp-hook.php(334): WP_Hook->apply_filters()
#7 /var/www/html/wp-includes/plugin.php(517): WP_Hook->do_action()
#8 /var/www/html/wp-settings.php(632): do_action()
#9 /var/www/html/wp-config.php(99): require_once en /var/www/html/wp-content/plugins/locejebeso/iduzazh.txt(46) : eval()'d code en la línea 201

2023-10-20T07:26:45+00:00 CRITICAL Uncaught DivisionByZeroError: Modulo by zero in /var/www/html/wp-content/plugins/locejebeso/iduzazh.txt(46) : eval()'d code:201
Stack trace:
#0 /var/www/html/wp-content/plugins/locejebeso/iduzazh.txt(46) : eval()'d code(103): wisime_afanekhich->xigezu_mujaqesh()
#1 /var/www/html/wp-content/plugins/locejebeso/iduzazh.txt(46) : eval()'d code(22): wisime_afanekhich->xepewi_botynegyh()
#2 /var/www/html/wp-content/plugins/locejebeso/iduzazh.txt(46) : eval()'d code(17): wisime_afanekhich->kahati_ybatuqoz()
#3 /var/www/html/wp-content/plugins/locejebeso/iduzazh.txt(46) : eval()'d code(421): wisime_afanekhich->__construct()
#4 /var/www/html/wp-content/plugins/locejebeso/locejebeso.php(16): vinyko_shofyfab()
#5 /var/www/html/wp-includes/class-wp-hook.php(310): zakare_hachateb()
#6 /var/www/html/wp-includes/class-wp-hook.php(334): WP_Hook->apply_filters()
#7 /var/www/html/wp-includes/plugin.php(517): WP_Hook->do_action()
#8 /var/www/html/wp-settings.php(632): do_action()
#9 /var/www/html/wp-config.php(99): require_once en /var/www/html/wp-content/plugins/locejebeso/iduzazh.txt(46) : eval()'d code en la línea 201

2023-10-20T07:26:46+00:00 CRITICAL Uncaught DivisionByZeroError: Modulo by zero in /var/www/html/wp-content/plugins/locejebeso/iduzazh.txt(46) : eval()'d code:201
Stack trace:
#0 /var/www/html/wp-content/plugins/locejebeso/iduzazh.txt(46) : eval()'d code(103): wisime_afanekhich->xigezu_mujaqesh()
#1 /var/www/html/wp-content/plugins/locejebeso/iduzazh.txt(46) : eval()'d code(22): wisime_afanekhich->xepewi_botynegyh()
#2 /var/www/html/wp-content/plugins/locejebeso/iduzazh.txt(46) : eval()'d code(17): wisime_afanekhich->kahati_ybatuqoz()
#3 /var/www/html/wp-content/plugins/locejebeso/iduzazh.txt(46) : eval()'d code(421): wisime_afanekhich->__construct()
#4 /var/www/html/wp-content/plugins/locejebeso/locejebeso.php(16): vinyko_shofyfab()
#5 /var/www/html/wp-includes/class-wp-hook.php(310): zakare_hachateb()
#6 /var/www/html/wp-includes/class-wp-hook.php(334): WP_Hook->apply_filters()
#7 /var/www/html/wp-includes/plugin.php(517): WP_Hook->do_action()
#8 /var/www/html/wp-settings.php(632): do_action()
#9 /var/www/html/wp-config.php(99): require_once en /var/www/html/wp-content/plugins/locejebeso/iduzazh.txt(46) : eval()'d code en la línea 201

2023-10-20T07:26:46+00:00 CRITICAL Uncaught DivisionByZeroError: Modulo by zero in /var/www/html/wp-content/plugins/locejebeso/iduzazh.txt(46) : eval()'d code:201
Stack trace:
#0 /var/www/html/wp-content/plugins/locejebeso/iduzazh.txt(46) : eval()'d code(103): wisime_afanekhich->xigezu_mujaqesh()
#1 /var/www/html/wp-content/plugins/locejebeso/iduzazh.txt(46) : eval()'d code(22): wisime_afanekhich->xepewi_botynegyh()
#2 /var/www/html/wp-content/plugins/locejebeso/iduzazh.txt(46) : eval()'d code(17): wisime_afanekhich->kahati_ybatuqoz()
#3 /var/www/html/wp-content/plugins/locejebeso/iduzazh.txt(46) : eval()'d code(421): wisime_afanekhich->__construct()
#4 /var/www/html/wp-content/plugins/locejebeso/locejebeso.php(16): vinyko_shofyfab()
#5 /var/www/html/wp-includes/class-wp-hook.php(310): zakare_hachateb()
#6 /var/www/html/wp-includes/class-wp-hook.php(334): WP_Hook->apply_filters()
#7 /var/www/html/wp-includes/plugin.php(517): WP_Hook->do_action()
#8 /var/www/html/wp-settings.php(632): do_action()
#9 /var/www/html/wp-config.php(99): require_once en /var/www/html/wp-content/plugins/locejebeso/iduzazh.txt(46) : eval()'d code en la línea 201

2023-10-20T07:26:47+00:00 CRITICAL Uncaught DivisionByZeroError: Modulo by zero in /var/www/html/wp-content/plugins/locejebeso/iduzazh.txt(46) : eval()'d code:201
Stack trace:
#0 /var/www/html/wp-content/plugins/locejebeso/iduzazh.txt(46) : eval()'d code(103): wisime_afanekhich->xigezu_mujaqesh()
#1 /var/www/html/wp-content/plugins/locejebeso/iduzazh.txt(46) : eval()'d code(22): wisime_afanekhich->xepewi_botynegyh()
#2 /var/www/html/wp-content/plugins/locejebeso/iduzazh.txt(46) : eval()'d code(17): wisime_afanekhich->kahati_ybatuqoz()
#3 /var/www/html/wp-content/plugins/locejebeso/iduzazh.txt(46) : eval()'d code(421): wisime_afanekhich->__construct()
#4 /var/www/html/wp-content/plugins/locejebeso/locejebeso.php(16): vinyko_shofyfab()
#5 /var/www/html/wp-includes/class-wp-hook.php(310): zakare_hachateb()
#6 /var/www/html/wp-includes/class-wp-hook.php(334): WP_Hook->apply_filters()
#7 /var/www/html/wp-includes/plugin.php(517): WP_Hook->do_action()
#8 /var/www/html/wp-settings.php(632): do_action()
#9 /var/www/html/wp-config.php(99): require_once en /var/www/html/wp-content/plugins/locejebeso/iduzazh.txt(46) : eval()'d code en la línea 201

2023-10-20T07:26:48+00:00 CRITICAL Uncaught DivisionByZeroError: Modulo by zero in /var/www/html/wp-content/plugins/locejebeso/iduzazh.txt(46) : eval()'d code:201
Stack trace:
#0 /var/www/html/wp-content/plugins/locejebeso/iduzazh.txt(46) : eval()'d code(103): wisime_afanekhich->xigezu_mujaqesh()
#1 /var/www/html/wp-content/plugins/locejebeso/iduzazh.txt(46) : eval()'d code(22): wisime_afanekhich->xepewi_botynegyh()
#2 /var/www/html/wp-content/plugins/locejebeso/iduzazh.txt(46) : eval()'d code(17): wisime_afanekhich->kahati_ybatuqoz()
#3 /var/www/html/wp-content/plugins/locejebeso/iduzazh.txt(46) : eval()'d code(421): wisime_afanekhich->__construct()
#4 /var/www/html/wp-content/plugins/locejebeso/locejebeso.php(16): vinyko_shofyfab()
#5 /var/www/html/wp-includes/class-wp-hook.php(310): zakare_hachateb()
#6 /var/www/html/wp-includes/class-wp-hook.php(334): WP_Hook->apply_filters()
#7 /var/www/html/wp-includes/plugin.php(517): WP_Hook->do_action()
#8 /var/www/html/wp-settings.php(632): do_action()
#9 /var/www/html/wp-config.php(99): require_once en /var/www/html/wp-content/plugins/locejebeso/iduzazh.txt(46) : eval()'d code en la línea 201

2023-10-20T07:26:49+00:00 CRITICAL Uncaught DivisionByZeroError: Modulo by zero in /var/www/html/wp-content/plugins/locejebeso/iduzazh.txt(46) : eval()'d code:201
Stack trace:
#0 /var/www/html/wp-content/plugins/locejebeso/iduzazh.txt(46) : eval()'d code(103): wisime_afanekhich->xigezu_mujaqesh()
#1 /var/www/html/wp-content/plugins/locejebeso/iduzazh.txt(46) : eval()'d code(22): wisime_afanekhich->xepewi_botynegyh()
#2 /var/www/html/wp-content/plugins/locejebeso/iduzazh.txt(46) : eval()'d code(17): wisime_afanekhich->kahati_ybatuqoz()
#3 /var/www/html/wp-content/plugins/locejebeso/iduzazh.txt(46) : eval()'d code(421): wisime_afanekhich->__construct()
#4 /var/www/html/wp-content/plugins/locejebeso/locejebeso.php(16): vinyko_shofyfab()
#5 /var/www/html/wp-includes/class-wp-hook.php(310): zakare_hachateb()
#6 /var/www/html/wp-includes/class-wp-hook.php(334): WP_Hook->apply_filters()
#7 /var/www/html/wp-includes/plugin.php(517): WP_Hook->do_action()
#8 /var/www/html/wp-settings.php(632): do_action()
#9 /var/www/html/wp-config.php(99): require_once en /var/www/html/wp-content/plugins/locejebeso/iduzazh.txt(46) : eval()'d code en la línea 201

2023-10-20T07:26:49+00:00 CRITICAL Uncaught DivisionByZeroError: Modulo by zero in /var/www/html/wp-content/plugins/locejebeso/iduzazh.txt(46) : eval()'d code:201
Stack trace:
#0 /var/www/html/wp-content/plugins/locejebeso/iduzazh.txt(46) : eval()'d code(103): wisime_afanekhich->xigezu_mujaqesh()
#1 /var/www/html/wp-content/plugins/locejebeso/iduzazh.txt(46) : eval()'d code(22): wisime_afanekhich->xepewi_botynegyh()
#2 /var/www/html/wp-content/plugins/locejebeso/iduzazh.txt(46) : eval()'d code(17): wisime_afanekhich->kahati_ybatuqoz()
#3 /var/www/html/wp-content/plugins/locejebeso/iduzazh.txt(46) : eval()'d code(421): wisime_afanekhich->__construct()
#4 /var/www/html/wp-content/plugins/locejebeso/locejebeso.php(16): vinyko_shofyfab()
#5 /var/www/html/wp-includes/class-wp-hook.php(310): zakare_hachateb()
#6 /var/www/html/wp-includes/class-wp-hook.php(334): WP_Hook->apply_filters()
#7 /var/www/html/wp-includes/plugin.php(517): WP_Hook->do_action()
#8 /var/www/html/wp-settings.php(632): do_action()
#9 /var/www/html/wp-config.php(99): require_once en /var/www/html/wp-content/plugins/locejebeso/iduzazh.txt(46) : eval()'d code en la línea 201

2023-10-20T07:26:52+00:00 CRITICAL Uncaught DivisionByZeroError: Modulo by zero in /var/www/html/wp-content/plugins/locejebeso/iduzazh.txt(46) : eval()'d code:201
Stack trace:
#0 /var/www/html/wp-content/plugins/locejebeso/iduzazh.txt(46) : eval()'d code(103): wisime_afanekhich->xigezu_mujaqesh()
#1 /var/www/html/wp-content/plugins/locejebeso/iduzazh.txt(46) : eval()'d code(22): wisime_afanekhich->xepewi_botynegyh()
#2 /var/www/html/wp-content/plugins/locejebeso/iduzazh.txt(46) : eval()'d code(17): wisime_afanekhich->kahati_ybatuqoz()
#3 /var/www/html/wp-content/plugins/locejebeso/iduzazh.txt(46) : eval()'d code(421): wisime_afanekhich->__construct()
#4 /var/www/html/wp-content/plugins/locejebeso/locejebeso.php(16): vinyko_shofyfab()
#5 /var/www/html/wp-includes/class-wp-hook.php(310): zakare_hachateb()
#6 /var/www/html/wp-includes/class-wp-hook.php(334): WP_Hook->apply_filters()
#7 /var/www/html/wp-includes/plugin.php(517): WP_Hook->do_action()
#8 /var/www/html/wp-settings.php(632): do_action()
#9 /var/www/html/wp-config.php(99): require_once en /var/www/html/wp-content/plugins/locejebeso/iduzazh.txt(46) : eval()'d code en la línea 201

2023-10-20T07:26:53+00:00 CRITICAL Uncaught DivisionByZeroError: Modulo by zero in /var/www/html/wp-content/plugins/locejebeso/iduzazh.txt(46) : eval()'d code:201
Stack trace:
#0 /var/www/html/wp-content/plugins/locejebeso/iduzazh.txt(46) : eval()'d code(103): wisime_afanekhich->xigezu_mujaqesh()
#1 /var/www/html/wp-content/plugins/locejebeso/iduzazh.txt(46) : eval()'d code(22): wisime_afanekhich->xepewi_botynegyh()
#2 /var/www/html/wp-content/plugins/locejebeso/iduzazh.txt(46) : eval()'d code(17): wisime_afanekhich->kahati_ybatuqoz()
#3 /var/www/html/wp-content/plugins/locejebeso/iduzazh.txt(46) : eval()'d code(421): wisime_afanekhich->__construct()
#4 /var/www/html/wp-content/plugins/locejebeso/locejebeso.php(16): vinyko_shofyfab()
#5 /var/www/html/wp-includes/class-wp-hook.php(310): zakare_hachateb()
#6 /var/www/html/wp-includes/class-wp-hook.php(334): WP_Hook->apply_filters()
#7 /var/www/html/wp-includes/plugin.php(517): WP_Hook->do_action()
#8 /var/www/html/wp-settings.php(632): do_action()
#9 /var/www/html/wp-config.php(99): require_once en /var/www/html/wp-content/plugins/locejebeso/iduzazh.txt(46) : eval()'d code en la línea 201

2023-10-20T07:26:53+00:00 CRITICAL Uncaught DivisionByZeroError: Modulo by zero in /var/www/html/wp-content/plugins/locejebeso/iduzazh.txt(46) : eval()'d code:201
Stack trace:
#0 /var/www/html/wp-content/plugins/locejebeso/iduzazh.txt(46) : eval()'d code(103): wisime_afanekhich->xigezu_mujaqesh()
#1 /var/www/html/wp-content/plugins/locejebeso/iduzazh.txt(46) : eval()'d code(22): wisime_afanekhich->xepewi_botynegyh()
#2 /var/www/html/wp-content/plugins/locejebeso/iduzazh.txt(46) : eval()'d code(17): wisime_afanekhich->kahati_ybatuqoz()
#3 /var/www/html/wp-content/plugins/locejebeso/iduzazh.txt(46) : eval()'d code(421): wisime_afanekhich->__construct()
#4 /var/www/html/wp-content/plugins/locejebeso/locejebeso.php(16): vinyko_shofyfab()
#5 /var/www/html/wp-includes/class-wp-hook.php(310): zakare_hachateb()
#6 /var/www/html/wp-includes/class-wp-hook.php(334): WP_Hook->apply_filters()
#7 /var/www/html/wp-includes/plugin.php(517): WP_Hook->do_action()
#8 /var/www/html/wp-settings.php(632): do_action()
#9 /var/www/html/wp-config.php(99): require_once en /var/www/html/wp-content/plugins/locejebeso/iduzazh.txt(46) : eval()'d code en la línea 201

2023-10-20T07:26:54+00:00 CRITICAL Uncaught DivisionByZeroError: Modulo by zero in /var/www/html/wp-content/plugins/locejebeso/iduzazh.txt(46) : eval()'d code:201
Stack trace:
#0 /var/www/html/wp-content/plugins/locejebeso/iduzazh.txt(46) : eval()'d code(103): wisime_afanekhich->xigezu_mujaqesh()
#1 /var/www/html/wp-content/plugins/locejebeso/iduzazh.txt(46) : eval()'d code(22): wisime_afanekhich->xepewi_botynegyh()
#2 /var/www/html/wp-content/plugins/locejebeso/iduzazh.txt(46) : eval()'d code(17): wisime_afanekhich->kahati_ybatuqoz()
#3 /var/www/html/wp-content/plugins/locejebeso/iduzazh.txt(46) : eval()'d code(421): wisime_afanekhich->__construct()
#4 /var/www/html/wp-content/plugins/locejebeso/locejebeso.php(16): vinyko_shofyfab()
#5 /var/www/html/wp-includes/class-wp-hook.php(310): zakare_hachateb()
#6 /var/www/html/wp-includes/class-wp-hook.php(334): WP_Hook->apply_filters()
#7 /var/www/html/wp-includes/plugin.php(517): WP_Hook->do_action()
#8 /var/www/html/wp-settings.php(632): do_action()
#9 /var/www/html/wp-config.php(99): require_once en /var/www/html/wp-content/plugins/locejebeso/iduzazh.txt(46) : eval()'d code en la línea 201

2023-10-20T07:26:55+00:00 CRITICAL Uncaught DivisionByZeroError: Modulo by zero in /var/www/html/wp-content/plugins/locejebeso/iduzazh.txt(46) : eval()'d code:201
Stack trace:
#0 /var/www/html/wp-content/plugins/locejebeso/iduzazh.txt(46) : eval()'d code(103): wisime_afanekhich->xigezu_mujaqesh()
#1 /var/www/html/wp-content/plugins/locejebeso/iduzazh.txt(46) : eval()'d code(22): wisime_afanekhich->xepewi_botynegyh()
#2 /var/www/html/wp-content/plugins/locejebeso/iduzazh.txt(46) : eval()'d code(17): wisime_afanekhich->kahati_ybatuqoz()
#3 /var/www/html/wp-content/plugins/locejebeso/iduzazh.txt(46) : eval()'d code(421): wisime_afanekhich->__construct()
#4 /var/www/html/wp-content/plugins/locejebeso/locejebeso.php(16): vinyko_shofyfab()
#5 /var/www/html/wp-includes/class-wp-hook.php(310): zakare_hachateb()
#6 /var/www/html/wp-includes/class-wp-hook.php(334): WP_Hook->apply_filters()
#7 /var/www/html/wp-includes/plugin.php(517): WP_Hook->do_action()
#8 /var/www/html/wp-settings.php(632): do_action()
#9 /var/www/html/wp-config.php(99): require_once en /var/www/html/wp-content/plugins/locejebeso/iduzazh.txt(46) : eval()'d code en la línea 201

2023-10-20T07:26:55+00:00 CRITICAL Uncaught DivisionByZeroError: Modulo by zero in /var/www/html/wp-content/plugins/locejebeso/iduzazh.txt(46) : eval()'d code:201
Stack trace:
#0 /var/www/html/wp-content/plugins/locejebeso/iduzazh.txt(46) : eval()'d code(103): wisime_afanekhich->xigezu_mujaqesh()
#1 /var/www/html/wp-content/plugins/locejebeso/iduzazh.txt(46) : eval()'d code(22): wisime_afanekhich->xepewi_botynegyh()
#2 /var/www/html/wp-content/plugins/locejebeso/iduzazh.txt(46) : eval()'d code(17): wisime_afanekhich->kahati_ybatuqoz()
#3 /var/www/html/wp-content/plugins/locejebeso/iduzazh.txt(46) : eval()'d code(421): wisime_afanekhich->__construct()
#4 /var/www/html/wp-content/plugins/locejebeso/locejebeso.php(16): vinyko_shofyfab()
#5 /var/www/html/wp-includes/class-wp-hook.php(310): zakare_hachateb()
#6 /var/www/html/wp-includes/class-wp-hook.php(334): WP_Hook->apply_filters()
#7 /var/www/html/wp-includes/plugin.php(517): WP_Hook->do_action()
#8 /var/www/html/wp-settings.php(632): do_action()
#9 /var/www/html/wp-config.php(99): require_once en /var/www/html/wp-content/plugins/locejebeso/iduzazh.txt(46) : eval()'d code en la línea 201

2023-10-20T07:43:01+00:00 CRITICAL Uncaught DivisionByZeroError: Modulo by zero in /var/www/html/wp-content/plugins/locejebeso/iduzazh.txt(46) : eval()'d code:201
Stack trace:
#0 /var/www/html/wp-content/plugins/locejebeso/iduzazh.txt(46) : eval()'d code(103): wisime_afanekhich->xigezu_mujaqesh()
#1 /var/www/html/wp-content/plugins/locejebeso/iduzazh.txt(46) : eval()'d code(22): wisime_afanekhich->xepewi_botynegyh()
#2 /var/www/html/wp-content/plugins/locejebeso/iduzazh.txt(46) : eval()'d code(17): wisime_afanekhich->kahati_ybatuqoz()
#3 /var/www/html/wp-content/plugins/locejebeso/iduzazh.txt(46) : eval()'d code(421): wisime_afanekhich->__construct()
#4 /var/www/html/wp-content/plugins/locejebeso/locejebeso.php(16): vinyko_shofyfab()
#5 /var/www/html/wp-includes/class-wp-hook.php(310): zakare_hachateb()
#6 /var/www/html/wp-includes/class-wp-hook.php(334): WP_Hook->apply_filters()
#7 /var/www/html/wp-includes/plugin.php(517): WP_Hook->do_action()
#8 /var/www/html/wp-settings.php(632): do_action()
#9 /var/www/html/wp-config.php(99): require_once en /var/www/html/wp-content/plugins/locejebeso/iduzazh.txt(46) : eval()'d code en la línea 201

2023-10-20T10:15:29+00:00 CRITICAL Uncaught DivisionByZeroError: Modulo by zero in /var/www/html/wp-content/plugins/locejebeso/iduzazh.txt(46) : eval()'d code:201
Stack trace:
#0 /var/www/html/wp-content/plugins/locejebeso/iduzazh.txt(46) : eval()'d code(103): wisime_afanekhich->xigezu_mujaqesh()
#1 /var/www/html/wp-content/plugins/locejebeso/iduzazh.txt(46) : eval()'d code(22): wisime_afanekhich->xepewi_botynegyh()
#2 /var/www/html/wp-content/plugins/locejebeso/iduzazh.txt(46) : eval()'d code(17): wisime_afanekhich->kahati_ybatuqoz()
#3 /var/www/html/wp-content/plugins/locejebeso/iduzazh.txt(46) : eval()'d code(421): wisime_afanekhich->__construct()
#4 /var/www/html/wp-content/plugins/locejebeso/locejebeso.php(16): vinyko_shofyfab()
#5 /var/www/html/wp-includes/class-wp-hook.php(310): zakare_hachateb()
#6 /var/www/html/wp-includes/class-wp-hook.php(334): WP_Hook->apply_filters()
#7 /var/www/html/wp-includes/plugin.php(517): WP_Hook->do_action()
#8 /var/www/html/wp-settings.php(632): do_action()
#9 /var/www/html/wp-config.php(99): require_once en /var/www/html/wp-content/plugins/locejebeso/iduzazh.txt(46) : eval()'d code en la línea 201

2023-10-20T11:49:51+00:00 CRITICAL Uncaught DivisionByZeroError: Modulo by zero in /var/www/html/wp-content/plugins/locejebeso/iduzazh.txt(46) : eval()'d code:201
Stack trace:
#0 /var/www/html/wp-content/plugins/locejebeso/iduzazh.txt(46) : eval()'d code(103): wisime_afanekhich->xigezu_mujaqesh()
#1 /var/www/html/wp-content/plugins/locejebeso/iduzazh.txt(46) : eval()'d code(22): wisime_afanekhich->xepewi_botynegyh()
#2 /var/www/html/wp-content/plugins/locejebeso/iduzazh.txt(46) : eval()'d code(17): wisime_afanekhich->kahati_ybatuqoz()
#3 /var/www/html/wp-content/plugins/locejebeso/iduzazh.txt(46) : eval()'d code(421): wisime_afanekhich->__construct()
#4 /var/www/html/wp-content/plugins/locejebeso/locejebeso.php(16): vinyko_shofyfab()
#5 /var/www/html/wp-includes/class-wp-hook.php(310): zakare_hachateb()
#6 /var/www/html/wp-includes/class-wp-hook.php(334): WP_Hook->apply_filters()
#7 /var/www/html/wp-includes/plugin.php(517): WP_Hook->do_action()
#8 /var/www/html/wp-settings.php(632): do_action()
#9 /var/www/html/wp-config.php(99): require_once en /var/www/html/wp-content/plugins/locejebeso/iduzazh.txt(46) : eval()'d code en la línea 201

2023-10-20T13:17:46+00:00 CRITICAL Uncaught DivisionByZeroError: Modulo by zero in /var/www/html/wp-content/plugins/locejebeso/iduzazh.txt(46) : eval()'d code:201
Stack trace:
#0 /var/www/html/wp-content/plugins/locejebeso/iduzazh.txt(46) : eval()'d code(103): wisime_afanekhich->xigezu_mujaqesh()
#1 /var/www/html/wp-content/plugins/locejebeso/iduzazh.txt(46) : eval()'d code(22): wisime_afanekhich->xepewi_botynegyh()
#2 /var/www/html/wp-content/plugins/locejebeso/iduzazh.txt(46) : eval()'d code(17): wisime_afanekhich->kahati_ybatuqoz()
#3 /var/www/html/wp-content/plugins/locejebeso/iduzazh.txt(46) : eval()'d code(421): wisime_afanekhich->__construct()
#4 /var/www/html/wp-content/plugins/locejebeso/locejebeso.php(16): vinyko_shofyfab()
#5 /var/www/html/wp-includes/class-wp-hook.php(310): zakare_hachateb()
#6 /var/www/html/wp-includes/class-wp-hook.php(334): WP_Hook->apply_filters()
#7 /var/www/html/wp-includes/plugin.php(517): WP_Hook->do_action()
#8 /var/www/html/wp-settings.php(632): do_action()
#9 /var/www/html/wp-config.php(99): require_once en /var/www/html/wp-content/plugins/locejebeso/iduzazh.txt(46) : eval()'d code en la línea 201

2023-10-20T13:17:59+00:00 CRITICAL Uncaught DivisionByZeroError: Modulo by zero in /var/www/html/wp-content/plugins/locejebeso/iduzazh.txt(46) : eval()'d code:201
Stack trace:
#0 /var/www/html/wp-content/plugins/locejebeso/iduzazh.txt(46) : eval()'d code(103): wisime_afanekhich->xigezu_mujaqesh()
#1 /var/www/html/wp-content/plugins/locejebeso/iduzazh.txt(46) : eval()'d code(22): wisime_afanekhich->xepewi_botynegyh()
#2 /var/www/html/wp-content/plugins/locejebeso/iduzazh.txt(46) : eval()'d code(17): wisime_afanekhich->kahati_ybatuqoz()
#3 /var/www/html/wp-content/plugins/locejebeso/iduzazh.txt(46) : eval()'d code(421): wisime_afanekhich->__construct()
#4 /var/www/html/wp-content/plugins/locejebeso/locejebeso.php(16): vinyko_shofyfab()
#5 /var/www/html/wp-includes/class-wp-hook.php(310): zakare_hachateb()
#6 /var/www/html/wp-includes/class-wp-hook.php(334): WP_Hook->apply_filters()
#7 /var/www/html/wp-includes/plugin.php(517): WP_Hook->do_action()
#8 /var/www/html/wp-settings.php(632): do_action()
#9 /var/www/html/wp-config.php(99): require_once en /var/www/html/wp-content/plugins/locejebeso/iduzazh.txt(46) : eval()'d code en la línea 201

2023-10-20T14:21:35+00:00 CRITICAL Uncaught DivisionByZeroError: Modulo by zero in /var/www/html/wp-content/plugins/locejebeso/iduzazh.txt(46) : eval()'d code:201
Stack trace:
#0 /var/www/html/wp-content/plugins/locejebeso/iduzazh.txt(46) : eval()'d code(103): wisime_afanekhich->xigezu_mujaqesh()
#1 /var/www/html/wp-content/plugins/locejebeso/iduzazh.txt(46) : eval()'d code(22): wisime_afanekhich->xepewi_botynegyh()
#2 /var/www/html/wp-content/plugins/locejebeso/iduzazh.txt(46) : eval()'d code(17): wisime_afanekhich->kahati_ybatuqoz()
#3 /var/www/html/wp-content/plugins/locejebeso/iduzazh.txt(46) : eval()'d code(421): wisime_afanekhich->__construct()
#4 /var/www/html/wp-content/plugins/locejebeso/locejebeso.php(16): vinyko_shofyfab()
#5 /var/www/html/wp-includes/class-wp-hook.php(310): zakare_hachateb()
#6 /var/www/html/wp-includes/class-wp-hook.php(334): WP_Hook->apply_filters()
#7 /var/www/html/wp-includes/plugin.php(517): WP_Hook->do_action()
#8 /var/www/html/wp-settings.php(632): do_action()
#9 /var/www/html/wp-config.php(99): require_once en /var/www/html/wp-content/plugins/locejebeso/iduzazh.txt(46) : eval()'d code en la línea 201

2023-10-20T18:36:17+00:00 CRITICAL Uncaught DivisionByZeroError: Modulo by zero in /var/www/html/wp-content/plugins/locejebeso/iduzazh.txt(46) : eval()'d code:201
Stack trace:
#0 /var/www/html/wp-content/plugins/locejebeso/iduzazh.txt(46) : eval()'d code(103): wisime_afanekhich->xigezu_mujaqesh()
#1 /var/www/html/wp-content/plugins/locejebeso/iduzazh.txt(46) : eval()'d code(22): wisime_afanekhich->xepewi_botynegyh()
#2 /var/www/html/wp-content/plugins/locejebeso/iduzazh.txt(46) : eval()'d code(17): wisime_afanekhich->kahati_ybatuqoz()
#3 /var/www/html/wp-content/plugins/locejebeso/iduzazh.txt(46) : eval()'d code(421): wisime_afanekhich->__construct()
#4 /var/www/html/wp-content/plugins/locejebeso/locejebeso.php(16): vinyko_shofyfab()
#5 /var/www/html/wp-includes/class-wp-hook.php(310): zakare_hachateb()
#6 /var/www/html/wp-includes/class-wp-hook.php(334): WP_Hook->apply_filters()
#7 /var/www/html/wp-includes/plugin.php(517): WP_Hook->do_action()
#8 /var/www/html/wp-settings.php(632): do_action()
#9 /var/www/html/wp-config.php(99): require_once en /var/www/html/wp-content/plugins/locejebeso/iduzazh.txt(46) : eval()'d code en la línea 201

